0 0
1 0 1.02117 0.54058 0.344606
1 1 118.087 41.4854 41.4523
1 2 743.243 310.647 311.365
1 3 1748.63 713.401 714.675
1 4 3062.74 1306.86 1308.18
1 5 4367.92 1937.48 1938.01
1 6 5307.05 2402.23 2401.73
1 7 5662.11 2674.57 2673.89
1 8 5763.92 2869.94 2869.53
1 9 5453.24 2819.43 2819.64
1 10 4880.18 2535.03 2536.03
1 11 4215.01 2215.39 2217.1
1 12 3575.12 1905.86 1908.07
1 13 2771.42 1386.53 1388.56
1 14 2273.83 1177.83 1179.92
1 15 1692.88 882.919 884.778
1 16 1228.66 627.527 628.949
1 17 897.084 447.243 448.307
1 18 641.027 320.909 321.689
1 19 495.51 253.479 254.084
1 20 362.699 229.011 229.55
1 21 280.928 149.029 149.329
1 22 233.074 125.426 125.641
1 23 156.274 87.9806 88.0842
1 24 140.682 57.6902 57.6971
1 25 1123.96 475.822 476.865
2 0 2.5902 1.14519 0.953713
2 1 105.802 36.4666 36.4073
2 2 385.862 151.757 152.056
2 3 861.284 365.045 365.883
2 4 1430.18 670.87 672.289
2 5 2022.96 954.14 955.847
2 6 2430.2 1182.56 1184.51
2 7 2506.56 1061.94 1063.36
2 8 2632.2 1348.25 1350.37
2 9 2420.26 1162.41 1164.27
2 10 2167.02 1092.81 1094.77
2 11 1874.24 900.606 902.341
2 12 1557.13 879.151 881.099
2 13 1220.58 593.785 595.115
2 14 1034.45 526.58 527.827
2 15 759.147 413.524 414.541
2 16 591.792 324.53 325.322
2 17 443.594 213.877 214.348
2 18 343.434 149.414 149.706
2 19 259.891 124.189 124.43
2 20 217.484 101.919 102.066
2 21 179.028 66.485 66.5191
2 22 143.795 65.4022 65.4171
2 23 130.008 56.028 56.0179
2 24 115.935 37.1181 37.0498
2 25 1062.96 429.193 430.127
3 0 3.90184 1.58845 1.40702
3 1 18.079 13.5498 13.4248
3 2 964.59 479.408 480.549
3 3 2765.62 1407.59 1409.67
3 4 4336.23 2367 2368.99
3 5 5130.89 2470.1 2470.37
3 6 5526.32 2811.13 2811.31
3 7 5183.42 2709.47 2704.41
3 8 4472.21 2358.59 2360.15
3 9 3657.04 1945.88 1948.04
3 10 2906.39 1575.35 1577.76
3 11 2275.81 1259.07 1261.39
3 12 1613.08 885.273 887.195
3 13 1142.71 551.132 552.396
3 14 848.584 421.948 422.826
3 15 606.354 390.444 391.353
3 16 372.406 170.895 171.284
3 17 244.063 96.9299 96.9595
3 18 186.028 128.514 128.699
3 19 130.577 65.841 65.8584
3 20 79.1813 40.0298 39.9423
3 21 58.3949 27.7443 27.6824
3 22 38.903 11.2542 11.0997
3 23 35.6301 23.8435 23.7716
3 24 23.8069 6.49839 6.32752
3 25 149.958 49.6995 49.7181
4 0 22.1954 7.07643 6.8755
4 1 268.094 131.381 131.654
4 2 3097.69 1541.1 1543.09
4 3 7483.51 3967.37 3957.42
4 4 11119.6 6103.29 6081.97
4 5 12449.8 6939.45 6912.86
4 6 12081.6 6719.9 6694.82
4 7 10883.2 6023.37 6002.91
4 8 9046.04 4832.36 4818.08
4 9 7223.84 3784.25 3774.95
4 10 5653.3 3015.08 3009.15
4 11 4089.23 2031.4 2028.1
4 12 3001.04 1572.25 1574.5
4 13 2189.68 1184.83 1183.44
4 14 1513.75 700.263 699.45
4 15 1156.44 573.983 575.317
4 16 820.14 431.543 430.877
4 17 604.472 295.339 296.064
4 18 458.56 202.6 203.076
4 19 349.906 163.844 164.26
4 20 272.638 124.5 124.791
4 21 220.895 102.039 102.215
4 22 173.597 67.2741 67.2759
4 23 149.311 63.4942 63.5514
4 24 116.292 44.7921 44.8053
4 25 680.353 252.391 253.011
5 0 0 0.189531 0
5 1 0.0360238 0.0572904 0.00129771
5 2 2.0133 0.864924 0.679971
5 3 21.7387 6.81269 6.61895
5 4 101.715 29.5939 29.4386
5 5 220.153 71.5919 71.6969
5 6 366.352 108.749 108.881
5 7 467.174 139.122 139.434
5 8 532.297 159.121 159.394
5 9 524.547 151.656 151.974
5 10 484.229 132.72 132.939
5 11 432.29 124.285 124.472
5 12 342.905 94.2356 94.406
5 13 263.453 73.3307 73.3693
5 14 191.133 52.308 52.2785
5 15 140.636 39.2902 39.2122
5 16 97.5038 28.4645 28.3493
5 17 70.0695 23.9434 23.8694
5 18 50.1353 14.1937 14.0487
5 19 26.0399 11.1971 11.0279
5 20 21.2896 5.79102 5.59999
5 21 17.0921 4.74714 4.57091
5 22 10.9961 3.24608 3.05666
5 23 10.0714 3.00304 2.82493
5 24 6.96894 2.18394 1.99718
5 25 29.0086 7.99292 7.82227
6 0 0.195016 0.178177 0.0380311
6 1 1.55612 0.618476 0.431672
6 2 27.693 9.02091 8.88285
6 3 96.4388 45.1521 45.1448
6 4 229.293 85.2231 85.3063
6 5 409.201 130.648 130.908
6 6 616.541 179.724 180.094
6 7 800.834 241.66 242.168
6 8 833.119 247.52 248.04
6 9 779.986 221.199 221.671
6 10 723.081 224.542 224.994
6 11 621.197 186.118 186.558
6 12 487.979 144.533 144.828
6 13 408.98 123.717 123.964
6 14 306.878 84.9039 84.8613
6 15 242.028 72.4222 72.5513
6 16 169.8 57.0775 57.125
6 17 138.318 38.9026 38.8901
6 18 102.049 28.8003 28.7546
6 19 82.6142 23.2594 23.1422
6 20 68.4088 19.255 19.114
6 21 47.2178 13.2341 13.0761
6 22 46.8233 14.1198 14.0301
6 23 40.9134 11.3327 11.1741
6 24 30.9433 9.03507 8.87099
6 25 138.686 41.1872 41.2023
7 0 39.1374 15.8103 15.6893
7 1 747.967 300.881 301.582
7 2 1745.78 592.624 591.882
7 3 2178.84 768.612 767.566
7 4 2025.48 702.055 701.125
7 5 1734.42 544.615 543.912
7 6 1418.15 436.857 436.329
7 7 1129.65 360.294 359.875
7 8 926.449 338.608 338.197
7 9 741.712 280.616 281.248
7 10 553.974 211.764 212.246
7 11 421.334 146.313 146.619
7 12 302.286 97.1197 97.2955
7 13 260.157 83.7309 83.8761
7 14 188.301 65.9904 66.0692
7 15 164.269 66.1697 66.2277
7 16 134.461 42.3781 42.3684
7 17 101.602 30.0309 30.0025
7 18 88.578 62.712 62.7724
7 19 68.1745 19.1162 19.0337
7 20 60.1012 29.0632 29.0097
7 21 43.1896 30.1913 30.0748
7 22 39.5515 14.8071 14.7129
7 23 23.7012 7.36321 7.22989
7 24 27.8629 8.0945 7.98607
7 25 190.452 60.6873 60.741
8 0 0.911258 1.6318 0.0891963
8 1 64.242 10.7751 7.49367
8 2 181.962 23.5913 19.6447
8 3 275.777 34.3603 30.5607
8 4 327.12 45.0373 41.2751
8 5 346.074 42.7157 39.3681
8 6 367.02 50.1934 46.039
8 7 368.693 54.384 49.6713
8 8 359.868 47.8579 43.6618
8 9 358.666 48.0356 44.3157
8 10 351.325 49.1099 45.4085
8 11 311.182 39.7158 36.3244
8 12 314.19 42.9389 39.157
8 13 286.009 38.3857 33.4986
8 14 264.484 34.8897 30.5788
8 15 230.075 27.7295 23.8417
8 16 203.472 29.6007 24.5958
8 17 168.603 20.9132 16.4683
8 18 147.65 18.3419 14.4993
8 19 127.495 17.1403 13.1323
8 20 106.793 13.3775 9.37514
8 21 96.098 13.7069 9.70004
8 22 84.0251 11.1837 6.704
8 23 69.2081 9.36477 5.7304
8 24 64.185 10.1716 5.70351
8 25 568.898 44.1096 40.1267
9 0 0.630203 1.40694 0.0474665
9 1 19.8527 4.64364 1.6356
9 2 51.5717 8.9602 5.47916
9 3 93.3512 13.9129 9.88229
9 4 138.356 21.9779 18.3899
9 5 170.322 27.7933 22.7488
9 6 182.44 26.3407 21.8919
9 7 190.587 24.202 19.7572
9 8 205.614 28.9029 24.9686
9 9 204.73 24.7363 19.7235
9 10 211.579 27.1882 22.1874
9 11 187.284 23.157 19.1916
9 12 184.039 22.9892 18.5357
9 13 167.789 20.9585 16.4848
9 14 150.736 17.9563 13.4621
9 15 137.041 16.6034 12.6026
9 16 120.466 16.2312 12.194
9 17 114.928 14.3244 10.2814
9 18 95.6242 14.4456 10.3928
9 19 84.9918 11.7733 7.74011
9 20 77.3607 11.8509 7.31791
9 21 67.5179 10.7045 6.65232
9 22 58.9135 9.00552 4.51982
9 23 55.037 8.97475 4.66475
9 24 48.1472 7.08832 3.47817
9 25 487.298 39.0091 34.9302
10 0 0.687209 2.02884 0.114311
10 1 6.41518 5.02662 4.97906
10 2 194.775 64.9465 65.1003
10 3 371.466 119.723 119.492
10 4 462.785 158.883 158.612
10 5 453.297 177.646 177.305
10 6 410.09 148.288 147.999
10 7 362.682 151.415 151.045
10 8 329.253 130.815 130.483
10 9 256.885 95.3955 95.1099
10 10 198.098 58.8245 58.6424
10 11 166.726 51.5134 51.319
10 12 128.304 31.9711 24.1662
10 13 112.692 26.8183 26.8909
10 14 88.9321 28.9165 21.5744
10 15 61.4735 20.0285 13.371
10 16 50.4852 13.3849 13.3861
10 17 31.6059 10.2986 4.52354
10 18 27.4026 15.9668 9.33274
10 19 19.2344 9.35289 3.01413
10 20 16.1288 8.18005 3.35934
10 21 12.4315 8.25052 1.92992
10 22 10.4757 6.3738 1.62957
10 23 7.03704 4.71345 0.933402
10 24 7.77825 5.97978 1.13163
10 25 42.8521 13.6656 6.49949
11 0 8.05334 9.19785 9.15958
11 1 34.4195 13.3024 13.0161
11 2 355 118.905 118.66
11 3 745.884 272.828 272.467
11 4 1033.74 401.275 400.794
11 5 1122.61 467.377 466.819
11 6 1121.01 427.372 426.87
11 7 1074.03 413.43 412.94
11 8 960.251 363.166 362.725
11 9 836 320.971 320.559
11 10 676.71 221.126 220.836
11 11 556.337 181.134 180.87
11 12 429.386 128.157 127.948
11 13 359.43 109.569 109.361
11 14 279.127 89.0061 88.7903
11 15 203.136 43.7509 43.6513
11 16 152.315 42.4022 34.6271
11 17 126.768 32.8712 32.9617
11 18 91.4952 24.8128 17.0068
11 19 70.1631 16.2719 16.1648
11 20 63.7374 18.4226 10.6773
11 21 52.9428 12.5162 12.4964
11 22 45.2167 12.1413 12.1708
11 23 43.8055 14.275 14.3108
11 24 29.0917 11.4712 5.40616
11 25 202.075 47.0723 46.9572
12 0 0 3.19645 0
12 1 0 3.19645 0
12 2 0.308388 1.10994 0.0210283
12 3 2.88322 3.84924 0.402378
12 4 9.043 5.25367 1.3002
12 5 19.6559 10.2781 3.15903
12 6 25.0079 9.86855 3.88856
12 7 38.6478 9.67254 9.67075
12 8 44.2878 14.249 6.62982
12 9 45.3553 10.688 10.7131
12 10 44.8131 14.5841 7.39706
12 11 42.5428 13.0235 6.82131
12 12 35.8733 12.801 5.71002
12 13 30.5023 11.4123 4.41037
12 14 30.6247 8.59107 8.60956
12 15 23.8929 9.21239 3.56097
12 16 17.0667 7.66938 2.60928
12 17 13.5093 8.38204 1.98793
12 18 10.6312 6.08524 1.55127
12 19 8.3539 5.22599 1.31476
12 20 6.16403 4.63838 0.937907
12 21 4.35716 4.46657 0.642297
12 22 2.90104 3.00851 0.422748
12 23 2.72892 3.47926 0.406817
12 24 2.3048 3.63404 0.366608
12 25 8.51713 4.9226 1.02214
13 0 0 3.19645 0
13 1 0.190719 1.21075 0.0363737
13 2 2.76334 3.38236 0.37582
13 3 9.19692 6.7782 1.26195
13 4 31.7878 13.0077 12.6888
13 5 46.733 15.0065 7.80384
13 6 75.3337 16.4251 16.3301
13 7 91.4669 18.472 18.3897
13 8 109.255 25.0846 24.9779
13 9 105.506 24.3961 16.5834
13 10 113.048 23.7371 23.6473
13 11 102.326 24.2875 16.476
13 12 91.8687 20.0478 19.9519
13 13 85.3782 22.1508 14.3526
13 14 66.535 18.6484 10.8936
13 15 63.8433 15.2078 15.0952
13 16 42.748 13.0597 6.856
13 17 39.746 13.5141 6.77274
13 18 29.9708 8.86127 8.88055
13 19 25.6541 10.2579 4.26052
13 20 21.4464 10.4505 3.66009
13 21 18.3403 9.25963 3.72877
13 22 14.7339 7.71991 2.73007
13 23 11.9453 6.32263 2.00796
13 24 5.4017 3.79391 0.824901
13 25 43.0327 12.6558 6.93895
14 0 13.8613 17.5668 17.5467
14 1 173.08 118.277 117.353
14 2 290.801 122.068 121.703
14 3 288.885 90.8726 90.6613
14 4 249.279 116.215 115.773
14 5 185.969 42.165 42.0567
14 6 150.85 36.782 36.6599
14 7 120.637 24.426 24.342
14 8 106.473 34.6979 34.486
14 9 83.4551 19.9799 12.1862
14 10 64.9292 15.5102 15.3969
14 11 65.5116 20.9488 20.7474
14 12 48.4816 9.69415 9.61503
14 13 33.3463 10.7669 3.30798
14 14 31.542 7.35563 7.24976
14 15 27.1878 10.0591 2.72808
14 16 26.4145 10.1758 2.86065
14 17 29.8324 15.6203 15.1072
14 18 19.3153 8.97727 2.83337
14 19 19.6332 8.40489 2.26605
14 20 17.0559 8.9666 2.37123
14 21 16.4845 6.2013 6.15626
14 22 10.1394 4.93773 4.90645
14 23 9.29781 5.3158 1.00718
14 24 7.06631 4.59245 0.672801
14 25 80.9562 27.8607 27.6265
